app/build/intermediates/manifest_merge_blame_file/debug/manifest-merger-blame-debug-report.txt
1<?xml version="1.0" encoding="utf-8"?>
2<manifest xmlns:android="http://schemas.android.com/apk/res/android"
3    package="com.nrmyw.launcher"
4    android:versionCode="1"
5    android:versionName="1.0" >
6
7    <uses-sdk
8        android:minSdkVersion="21"
8-->src\main\AndroidManifest.xml
9        android:targetSdkVersion="30" />
9-->src\main\AndroidManifest.xml
10
11    <uses-feature android:name="android.hardware.usb.host" />
11-->src\main\AndroidManifest.xml:4:5-61
11-->src\main\AndroidManifest.xml:4:19-59
12    <uses-feature android:name="android.hardware.camera" />
12-->src\main\AndroidManifest.xml:5:5-60
12-->src\main\AndroidManifest.xml:5:19-57
13    <uses-feature android:name="android.hardware.camera.autofocus" />
13-->src\main\AndroidManifest.xml:6:5-70
13-->src\main\AndroidManifest.xml:6:19-67
14
15    <uses-permission android:name="android.hardware.usb.host" />
15-->src\main\AndroidManifest.xml:7:5-65
15-->src\main\AndroidManifest.xml:7:22-62
16
17    <uses-feature
17-->src\main\AndroidManifest.xml:8:5-10:35
18        android:name="android.hardware.bluetooth_le"
18-->src\main\AndroidManifest.xml:9:9-53
19        android:required="true" />
19-->src\main\AndroidManifest.xml:10:9-32
20    <!-- b -->
21    <uses-permission android:name="android.permission.ACCESS_SUPERlandscape" />
21-->src\main\AndroidManifest.xml:12:5-80
21-->src\main\AndroidManifest.xml:12:22-77
22    <uses-permission android:name="android.permission.ACCESS_WIFI_STATE" />
22-->src\main\AndroidManifest.xml:13:5-76
22-->src\main\AndroidManifest.xml:13:22-73
23    <uses-permission android:name="android.permission.ACCESS_NETWORK_STATE" />
23-->src\main\AndroidManifest.xml:14:5-79
23-->src\main\AndroidManifest.xml:14:22-76
24    <!-- c -->
25    <uses-permission android:name="android.permission.ACCESS_MOCK_LOCATION" />
25-->src\main\AndroidManifest.xml:16:5-79
25-->src\main\AndroidManifest.xml:16:22-76
26    <uses-permission android:name="android.permission.ACCESS_COARSE_LOCATION" />
26-->src\main\AndroidManifest.xml:17:5-81
26-->src\main\AndroidManifest.xml:17:22-78
27    <uses-permission android:name="android.permission.ACCESS_FINE_LOCATION" />
27-->src\main\AndroidManifest.xml:18:5-79
27-->src\main\AndroidManifest.xml:18:22-76
28    <uses-permission android:name="android.permission.BLUETOOTH" />
28-->src\main\AndroidManifest.xml:19:5-68
28-->src\main\AndroidManifest.xml:19:22-65
29    <uses-permission android:name="android.permission.BLUETOOTH_ADMIN" />
29-->src\main\AndroidManifest.xml:20:5-74
29-->src\main\AndroidManifest.xml:20:22-71
30    <!-- d -->
31    <uses-permission android:name="android.permission.BLUETOOTH_PRIVILEGED" />
31-->src\main\AndroidManifest.xml:22:5-23:47
31-->src\main\AndroidManifest.xml:22:22-76
32    <!-- g -->
33    <uses-permission android:name="android.permission.CHANGE_NETWORK_STATE" />
33-->src\main\AndroidManifest.xml:25:5-79
33-->src\main\AndroidManifest.xml:25:22-76
34    <!-- r -->
35    <uses-permission android:name="android.permission.CHANGE_WIFI_STATE" />
35-->src\main\AndroidManifest.xml:27:5-76
35-->src\main\AndroidManifest.xml:27:22-73
36    <uses-permission android:name="android.permission.CHANGE_CONFIGURATION" />
36-->src\main\AndroidManifest.xml:28:5-29:47
36-->src\main\AndroidManifest.xml:28:22-76
37    <uses-permission android:name="android.permission.CAMERA" />
37-->src\main\AndroidManifest.xml:30:5-65
37-->src\main\AndroidManifest.xml:30:22-62
38    <uses-permission android:name="android.permission.CONNECTIVITY_INTERNAL" />
38-->src\main\AndroidManifest.xml:31:5-32:47
38-->src\main\AndroidManifest.xml:31:22-77
39    <uses-permission android:name="android.permission.DISABLE_KEYGUARD" />
39-->src\main\AndroidManifest.xml:33:5-75
39-->src\main\AndroidManifest.xml:33:22-72
40    <uses-permission android:name="android.permission.GET_TASKS" />
40-->src\main\AndroidManifest.xml:34:5-68
40-->src\main\AndroidManifest.xml:34:22-65
41    <!-- i -->
42    <uses-permission android:name="android.permission.RECORD_AUDIO" />
42-->src\main\AndroidManifest.xml:36:5-71
42-->src\main\AndroidManifest.xml:36:22-68
43    <!-- 静默安装 -->
44    <uses-permission android:name="android.permission.RECORD_VIDEO" />
44-->src\main\AndroidManifest.xml:38:5-71
44-->src\main\AndroidManifest.xml:38:22-68
45    <!-- m -->
46    <uses-permission android:name="android.permission.READ_FRAME_BUFFER" />
46-->src\main\AndroidManifest.xml:40:5-41:47
46-->src\main\AndroidManifest.xml:40:22-73
47    <uses-permission android:name="android.permission.READ_EXTERNAL_STORAGE" />
47-->src\main\AndroidManifest.xml:42:5-80
47-->src\main\AndroidManifest.xml:42:22-77
48    <!-- w -->
49    <uses-permission android:name="android.permission.READ_PHONE_STATE" />
49-->src\main\AndroidManifest.xml:44:5-75
49-->src\main\AndroidManifest.xml:44:22-72
50    <uses-permission android:name="android.permission.RECEIVE_BOOT_COMPLETED" />
50-->src\main\AndroidManifest.xml:45:5-81
50-->src\main\AndroidManifest.xml:45:22-78
51    <uses-permission android:name="android.permission.INTERNET" />
51-->src\main\AndroidManifest.xml:46:5-67
51-->src\main\AndroidManifest.xml:46:22-64
52    <uses-permission android:name="android.permission.INSTALL_PACKAGES" />
52-->src\main\AndroidManifest.xml:47:5-48:47
52-->src\main\AndroidManifest.xml:47:22-72
53    <!-- s -->
54    <uses-permission android:name="android.permission.MOUNT_UNMOUNT_FILESYSTEMS" />
54-->src\main\AndroidManifest.xml:50:5-51:47
54-->src\main\AndroidManifest.xml:50:22-81
55    <!-- 在 屏幕最顶部显示addview -->
56    <uses-permission android:name="android.permission.MODIFY_AUDIO_SETTINGS" />
56-->src\main\AndroidManifest.xml:53:5-80
56-->src\main\AndroidManifest.xml:53:22-77
57    <uses-permission android:name="android.permission.WRITE_EXTERNAL_STORAGE" />
57-->src\main\AndroidManifest.xml:54:5-81
57-->src\main\AndroidManifest.xml:54:22-78
58    <!-- v -->
59    <uses-permission android:name="android.permission.WAKE_LOCK" />
59-->src\main\AndroidManifest.xml:56:5-68
59-->src\main\AndroidManifest.xml:56:22-65
60    <uses-permission android:name="android.permission.WRITE_SETTINGS" />
60-->src\main\AndroidManifest.xml:57:5-58:47
60-->src\main\AndroidManifest.xml:57:22-70
61    <uses-permission android:name="android.permission.WRITE_SECURE_SETTINGS" />
61-->src\main\AndroidManifest.xml:59:5-60:47
61-->src\main\AndroidManifest.xml:59:22-77
62    <uses-permission android:name="android.permission.QUERY_ALL_PACKAGES" />
62-->src\main\AndroidManifest.xml:62:5-63:53
62-->src\main\AndroidManifest.xml:62:22-74
63    <uses-permission android:name="android.permission.SYSTEM_ALERT_WINDOW" />
63-->src\main\AndroidManifest.xml:64:5-78
63-->src\main\AndroidManifest.xml:64:22-75
64    <uses-permission android:name="android.permission.SYSTEM_OVERLAY_WINDOW" />
64-->src\main\AndroidManifest.xml:65:5-80
64-->src\main\AndroidManifest.xml:65:22-77
65    <uses-permission android:name="android.permission.SERIAL_PORT" />
65-->src\main\AndroidManifest.xml:66:5-67:47
65-->src\main\AndroidManifest.xml:66:22-67
66    <uses-permission android:name="android.permission.RECOVERY" />
66-->src\main\AndroidManifest.xml:68:5-69:47
66-->src\main\AndroidManifest.xml:68:22-64
67
68    <!-- Required -->
69    <uses-permission android:name="android.permission.VIBRATE" />
69-->src\main\AndroidManifest.xml:72:5-66
69-->src\main\AndroidManifest.xml:72:22-63
70    <uses-permission android:name="android.permission.RECEIVE_BOOT_COMPLETED" />
70-->src\main\AndroidManifest.xml:45:5-81
70-->src\main\AndroidManifest.xml:45:22-78
71    <uses-permission android:name="android.permission.SYSTEM_ALERT_WINDOW" />
71-->src\main\AndroidManifest.xml:64:5-78
71-->src\main\AndroidManifest.xml:64:22-75
72    <uses-permission android:name="android.hardware.sensor.accelerometer" />
72-->src\main\AndroidManifest.xml:75:5-76
72-->src\main\AndroidManifest.xml:75:22-74
73
74    <!-- 硬件加速对X5视频播放非常重要，建议开启 -->
75    <uses-permission android:name="android.permission.GET_TASKS" />
75-->src\main\AndroidManifest.xml:34:5-68
75-->src\main\AndroidManifest.xml:34:22-65
76
77    <application
77-->src\main\AndroidManifest.xml:81:5-131:19
78        android:allowBackup="true"
78-->src\main\AndroidManifest.xml:82:9-35
79        android:appComponentFactory="androidx.core.app.CoreComponentFactory"
79-->[androidx.core:core:1.3.0] AndroidManifest.xml:24:18-86
80        android:debuggable="true"
81        android:icon="@mipmap/ic_launcher"
81-->src\main\AndroidManifest.xml:83:9-43
82        android:label="@string/app_name"
82-->src\main\AndroidManifest.xml:84:9-41
83        android:roundIcon="@mipmap/ic_launcher_round"
83-->src\main\AndroidManifest.xml:85:9-54
84        android:supportsRtl="true"
84-->src\main\AndroidManifest.xml:86:9-35
85        android:testOnly="true"
86        android:usesCleartextTraffic="true" >
86-->src\main\AndroidManifest.xml:87:9-44
87        <uses-library
87-->src\main\AndroidManifest.xml:90:9-92:40
88            android:name="org.apache.http.legacy"
88-->src\main\AndroidManifest.xml:91:13-50
89            android:required="false" />
89-->src\main\AndroidManifest.xml:92:13-37
90
91        <activity
91-->src\main\AndroidManifest.xml:97:9-127:20
92            android:name="com.demo.DemoActivity"
92-->src\main\AndroidManifest.xml:98:13-49
93            android:clearTaskOnLaunch="true"
93-->src\main\AndroidManifest.xml:100:13-45
94            android:configChanges="keyboard|keyboardHidden|mcc|mnc|navigation|orientation|screenSize|screenLayout|smallestScreenSize"
94-->src\main\AndroidManifest.xml:104:13-134
95            android:enabled="true"
95-->src\main\AndroidManifest.xml:108:13-35
96            android:launchMode="singleTask"
96-->src\main\AndroidManifest.xml:99:13-44
97            android:resizeableActivity="true"
97-->src\main\AndroidManifest.xml:105:13-46
98            android:resumeWhilePausing="true"
98-->src\main\AndroidManifest.xml:106:13-46
99            android:screenOrientation="landscape"
99-->src\main\AndroidManifest.xml:103:13-50
100            android:stateNotNeeded="true"
100-->src\main\AndroidManifest.xml:101:13-42
101            android:taskAffinity=""
101-->src\main\AndroidManifest.xml:107:13-36
102            android:windowSoftInputMode="adjustPan" >
102-->src\main\AndroidManifest.xml:102:13-52
103            <intent-filter>
103-->src\main\AndroidManifest.xml:109:13-126:29
104
105                <!-- 自主添加调式 -->
106
107                <action android:name="android.intent.action.VIEW" />
107-->src\main\AndroidManifest.xml:112:17-68
107-->src\main\AndroidManifest.xml:112:25-66
108
109                <category android:name="android.intent.category.LAUNCHER" />
109-->src\main\AndroidManifest.xml:113:17-76
109-->src\main\AndroidManifest.xml:113:27-74
110                <!-- 自主添加调式 -->
111                <!-- <action android:name="android.intent.action.MAIN" /> -->
112                <!-- <action android:name="com.cultraview.launcher.MAIN" /> -->
113                <!-- <action android:name="android.intent.action.VIEW" /> -->
114                <!-- <category android:name="android.intent.category.LAUNCHER" /> -->
115                <!-- <category android:name="android.intent.category.HOME" /> -->
116                <!-- <category android:name="android.intent.category.DEFAULT" /> -->
117                <action android:name="android.intent.action.MAIN" />
117-->src\main\AndroidManifest.xml:121:17-69
117-->src\main\AndroidManifest.xml:121:25-66
118
119                <category android:name="android.intent.category.HOME" />
119-->src\main\AndroidManifest.xml:122:17-73
119-->src\main\AndroidManifest.xml:122:27-70
120                <category android:name="android.intent.category.DEFAULT" />
120-->src\main\AndroidManifest.xml:123:17-76
120-->src\main\AndroidManifest.xml:123:27-73
121                <category android:name="android.intent.category.MONKEY" />
121-->src\main\AndroidManifest.xml:124:17-74
121-->src\main\AndroidManifest.xml:124:27-72
122                <category android:name="android.intent.category.LAUNCHER_APP" />
122-->src\main\AndroidManifest.xml:125:17-81
122-->src\main\AndroidManifest.xml:125:27-78
123            </intent-filter>
124        </activity>
125    </application>
126
127</manifest>